<?xml version="1.0" encoding="UTF-8"?>
<!-- Generated by org.testng.reporters.JUnitXMLReporter -->
<testsuite ignored="0" hostname="LAPTOP-HSQD46T4" failures="1" tests="1" name="Test" time="18.232" errors="0" timestamp="2022-05-10T01:32:09 IST">
  <testcase classname="resman.qa.TestCases.addUser" name="VerifyAddUser" time="0.019">
    <failure type="java.lang.NullPointerException" message="Cannot invoke &amp;quot;com.aventstack.extentreports.ExtentReports.createTest(String)&amp;quot; because &amp;quot;resman.qa.TestCases.addUser.extent&amp;quot; is null">
      <![CDATA[java.lang.NullPointerException: Cannot invoke "com.aventstack.extentreports.ExtentReports.createTest(String)" because "resman.qa.TestCases.addUser.extent" is null
at resman.qa.TestCases.addUser.VerifyAddUser(addUser.java:27)
at java.base/java.util.ArrayList.forEach(ArrayList.java:1511)
... Removed 27 stack frames]]>
    </failure>
  </testcase> <!-- VerifyAddUser -->
</testsuite> <!-- Test -->
