<?xml version="1.0" encoding="UTF-8"?>
<!-- Generated by org.testng.reporters.JUnitXMLReporter -->
<testsuite ignored="1" hostname="LAPTOP-HSQD46T4" failures="0" tests="2" name="Test" time="178.665" errors="0" timestamp="2022-06-01T14:29:15 IST">
  <testcase classname="resman.qa.TestCases.addUser" name="verifyAddUser" time="60.136"/>
  <testcase classname="resman.qa.TestCases.removeUser" name="VerifyRemoveUser" time="94.69"/>
  <testcase classname="resman.qa.baseClass.baseClass" name="@BeforeSuite report" time="0.0">
    <ignored/>
  </testcase> <!-- @BeforeSuite report -->
</testsuite> <!-- Test -->
