<?xml version="1.0" encoding="UTF-8"?>
<testng-results ignored="1" total="3" passed="2" failed="0" skipped="0">
  <reporter-output>
  </reporter-output>
  <suite started-at="2022-06-01T14:26:17 IST" name="Report_Suite" finished-at="2022-06-01T14:29:15 IST" duration-ms="178665">
    <groups>
      <group name="regression">
        <method signature="addUser.verifyAddUser()[pri:0, instance:resman.qa.TestCases.addUser@2df6226d]" name="verifyAddUser" class="resman.qa.TestCases.addUser"/>
        <method signature="removeUser.VerifyRemoveUser()[pri:0, instance:resman.qa.TestCases.removeUser@5f0e9815]" name="VerifyRemoveUser" class="resman.qa.TestCases.removeUser"/>
      </group> <!-- regression -->
    </groups>
    <test started-at="2022-06-01T14:26:17 IST" name="Test" finished-at="2022-06-01T14:29:15 IST" duration-ms="178665">
      <class name="resman.qa.TestCases.addUser">
        <test-method is-config="true" signature="report()[pri:0, instance:resman.qa.TestCases.addUser@2df6226d]" started-at="2022-06-01T14:26:17 IST" name="report" finished-at="2022-06-01T14:26:17 IST" duration-ms="11" status="PASS">
          <reporter-output>
          </reporter-output>
        </test-method> <!-- report -->
        <test-method is-config="true" signature="setup()[pri:0, instance:resman.qa.TestCases.addUser@2df6226d]" started-at="2022-06-01T14:26:17 IST" name="setup" finished-at="2022-06-01T14:26:24 IST" duration-ms="7611" status="PASS">
          <reporter-output>
          </reporter-output>
        </test-method> <!-- setup -->
        <test-method signature="verifyAddUser()[pri:0, instance:resman.qa.TestCases.addUser@2df6226d]" started-at="2022-06-01T14:26:24 IST" name="verifyAddUser" finished-at="2022-06-01T14:27:25 IST" duration-ms="60136" status="PASS">
          <reporter-output>
          </reporter-output>
        </test-method> <!-- verifyAddUser -->
        <test-method is-config="true" signature="closeUp()[pri:0, instance:resman.qa.TestCases.addUser@2df6226d]" started-at="2022-06-01T14:29:05 IST" name="closeUp" finished-at="2022-06-01T14:29:10 IST" duration-ms="5450" status="PASS">
          <reporter-output>
          </reporter-output>
        </test-method> <!-- closeUp -->
      </class> <!-- resman.qa.TestCases.addUser -->
      <class name="resman.qa.TestCases.removeUser">
        <test-method is-config="true" signature="setup()[pri:0, instance:resman.qa.TestCases.removeUser@5f0e9815]" started-at="2022-06-01T14:27:25 IST" name="setup" finished-at="2022-06-01T14:27:30 IST" duration-ms="5717" status="PASS">
          <reporter-output>
          </reporter-output>
        </test-method> <!-- setup -->
        <test-method signature="VerifyRemoveUser()[pri:0, instance:resman.qa.TestCases.removeUser@5f0e9815]" started-at="2022-06-01T14:27:30 IST" name="VerifyRemoveUser" finished-at="2022-06-01T14:29:05 IST" duration-ms="94690" status="PASS">
          <reporter-output>
          </reporter-output>
        </test-method> <!-- VerifyRemoveUser -->
        <test-method is-config="true" signature="closeUp()[pri:0, instance:resman.qa.TestCases.removeUser@5f0e9815]" started-at="2022-06-01T14:29:10 IST" name="closeUp" finished-at="2022-06-01T14:29:15 IST" duration-ms="5003" status="PASS">
          <reporter-output>
          </reporter-output>
        </test-method> <!-- closeUp -->
      </class> <!-- resman.qa.TestCases.removeUser -->
    </test> <!-- Test -->
  </suite> <!-- Report_Suite -->
</testng-results>
